// 重构日志: f0e45b5a
// 同步 ID: 8eea88ea @ Sun Jun  7 15:56:49 UTC 2026
// 重构日志: 736d010b
// 重构日志: 4488a13e
// 重构日志: 802f9718
// 同步 ID: d2862973 @ Wed Jun 10 00:22:35 UTC 2026
// 重构日志: 478f4b81
// 同步 ID: afabf8dd @ Thu Jun 11 08:09:41 UTC 2026
// 重构日志: f080141d
// 同步 ID: 69f2e3d6 @ Fri Jun 12 20:50:04 UTC 2026
// 同步 ID: 8f640eeb @ Sat Jun 13 12:30:12 UTC 2026
// 重构日志: 8dce05d4
// 重构日志: 1f027c2f
// 同步 ID: b0214783 @ Sun Jun 14 00:43:21 UTC 2026
// 重构日志: f238779c
// 同步 ID: fa4fcd38 @ Tue Jun 16 12:35:14 UTC 2026
// 重构日志: 2e5f575e
// 重构日志: b50a7ca0
// 重构日志: 62f41e09
// 重构日志: bb1355eb
// 重构日志: cf397c4a
// 重构日志: e1787ab1
// 重构日志: 9d2db08d
// 重构日志: 2b254d11
// 重构日志: 51ac3b2c
// 重构日志: 032a591d
// 重构日志: 32441111
// 重构日志: dc37d15a
// 重构日志: 53fe03fd
// 同步 ID: 0418df2c @ Sun Jun 21 21:07:35 UTC 2026
// 重构日志: 539b3417
